<?xml version="1.0" encoding="UTF-8"?>
<testsuite name="ru.stqa.noy.addressbook.tests.NewContactTests" tests="3" skipped="0" failures="0" errors="0" timestamp="2017-12-11T19:26:57" hostname="Dibunizer" time="35.143">
  <properties/>
  <testcase name="testNewContact[0](AddNewData{id='0', firstname='firstname 0', lastname='lastname 0'})" classname="ru.stqa.noy.addressbook.tests.NewContactTests" time="13.467"/>
  <testcase name="testNewContact[1](AddNewData{id='0', firstname='firstname 1', lastname='lastname 1'})" classname="ru.stqa.noy.addressbook.tests.NewContactTests" time="9.697"/>
  <testcase name="testNewContact[2](AddNewData{id='0', firstname='firstname 2', lastname='lastname 2'})" classname="ru.stqa.noy.addressbook.tests.NewContactTests" time="11.978"/>
  <system-out><![CDATA[]]></system-out>
  <system-err><![CDATA[]]></system-err>
</testsuite>
