<?xml version="1.0" encoding="UTF-8"?>
<testsuite name="ru.stqa.noy.addressbook.tests.GroupModificationTests" tests="1" skipped="0" failures="0" errors="0" timestamp="2017-12-10T21:02:31" hostname="Dibunizer" time="2.083">
  <properties/>
  <testcase name="testGroupModification" classname="ru.stqa.noy.addressbook.tests.GroupModificationTests" time="2.083"/>
  <system-out><![CDATA[]]></system-out>
  <system-err><![CDATA[]]></system-err>
</testsuite>
