<?xml version="1.0" encoding="UTF-8"?>
<testsuite name="ru.stqa.noy.addressbook.tests.GroupModificationTests" tests="1" skipped="0" failures="0" errors="0" timestamp="2017-12-10T20:53:50" hostname="Dibunizer" time="1.718">
  <properties/>
  <testcase name="testGroupModification" classname="ru.stqa.noy.addressbook.tests.GroupModificationTests" time="1.718"/>
  <system-out><![CDATA[]]></system-out>
  <system-err><![CDATA[]]></system-err>
</testsuite>
